  ACTG.cpp
S:\repos\algorithm\Project\BoyerMoor.h(34,39): warning C4267: '초기화 중': 'size_t'에서 'int'(으)로 변환하면서 데이터가 손실될 수 있습니다.
S:\repos\algorithm\Project\BoyerMoor.h(49,39): warning C4267: '초기화 중': 'size_t'에서 'int'(으)로 변환하면서 데이터가 손실될 수 있습니다.
S:\repos\algorithm\Project\BoyerMoor.h(65,27): warning C4553: '==': 식의 결과가 사용되지 않습니다. '='을(를) 의도했습니까?
S:\repos\algorithm\Project\BoyerMoor.h(86,36): warning C4267: '초기화 중': 'size_t'에서 'int'(으)로 변환하면서 데이터가 손실될 수 있습니다.
S:\repos\algorithm\Project\BoyerMoor.h(87,39): warning C4267: '초기화 중': 'size_t'에서 'int'(으)로 변환하면서 데이터가 손실될 수 있습니다.
S:\repos\algorithm\Project\ACTG.cpp(27,2): warning C4267: '초기화 중': 'size_t'에서 'int'(으)로 변환하면서 데이터가 손실될 수 있습니다.
S:\repos\algorithm\Project\ACTG.cpp(34,68): warning C4267: '인수': 'size_t'에서 '_Ty'(으)로 변환하면서 데이터가 손실될 수 있습니다.
          with
          [
              _Ty=int
          ]
S:\repos\algorithm\Project\ACTG.cpp(66,72): warning C4267: '인수': 'size_t'에서 '_Ty'(으)로 변환하면서 데이터가 손실될 수 있습니다.
          with
          [
              _Ty=int
          ]
  main.cpp
  코드를 생성하고 있습니다...
  Project.vcxproj -> S:\repos\algorithm\Project\x64\Debug\Project.exe
